0 info it worked if it ends with ok
1 verbose cli [ 'C:\\Program Files\\nodejs\\node.exe',
1 verbose cli   'C:\\Users\\viclon\\AppData\\Roaming\\npm\\node_modules\\npm\\bin\\npm-cli.js',
1 verbose cli   'rebuild',
1 verbose cli   'node-sass' ]
2 info using npm@3.5.2
3 info using node@v6.9.1
4 info readInstalled object
5 verbose rebuild path, id [ 'C:\\Users\\viclon\\Desktop\\projects\\react-memo\\node_modules\\gulp-sass\\node_modules\\node-sass',
5 verbose rebuild   'node-sass@3.4.2' ]
6 silly rebuild set [ 'C:\\Users\\viclon\\Desktop\\projects\\react-memo\\node_modules\\gulp-sass\\node_modules\\node-sass' ]
7 info build C:\Users\viclon\Desktop\projects\react-memo\node_modules\gulp-sass\node_modules\node-sass
8 info lifecycle node-sass@3.4.2~preinstall: node-sass@3.4.2
9 silly lifecycle node-sass@3.4.2~preinstall: no script for preinstall, continuing
10 info linkStuff node-sass@3.4.2
11 silly linkStuff node-sass@3.4.2 has C:\Users\viclon\Desktop\projects\react-memo\node_modules\gulp-sass\node_modules as its parent node_modules
12 verbose linkBins node-sass@3.4.2
13 verbose link bins [ { 'node-sass': 'bin/node-sass' },
13 verbose link bins   'C:\\Users\\viclon\\Desktop\\projects\\react-memo\\node_modules\\gulp-sass\\node_modules\\.bin',
13 verbose link bins   false ]
14 verbose linkMans node-sass@3.4.2
15 verbose rebuildBundles node-sass@3.4.2
16 verbose rebuildBundles [ '.bin',
16 verbose rebuildBundles   'async-foreach',
16 verbose rebuildBundles   'chalk',
16 verbose rebuildBundles   'cross-spawn',
16 verbose rebuildBundles   'gaze',
16 verbose rebuildBundles   'get-stdin',
16 verbose rebuildBundles   'glob',
16 verbose rebuildBundles   'meow',
16 verbose rebuildBundles   'mkdirp',
16 verbose rebuildBundles   'nan',
16 verbose rebuildBundles   'node-gyp',
16 verbose rebuildBundles   'npmconf',
16 verbose rebuildBundles   'request',
16 verbose rebuildBundles   'sass-graph' ]
17 info lifecycle node-sass@3.4.2~install: node-sass@3.4.2
18 verbose lifecycle node-sass@3.4.2~install: unsafe-perm in lifecycle true
19 verbose lifecycle node-sass@3.4.2~install: PATH: C:\Users\viclon\AppData\Roaming\npm\node_modules\npm\bin\node-gyp-bin;C:\Users\viclon\Desktop\projects\react-memo\node_modules\gulp-sass\node_modules\node-sass\node_modules\.bin;C:\Users\viclon\Desktop\projects\react-memo\node_modules\gulp-sass\node_modules\.bin;C:\Users\viclon\Desktop\projects\react-memo\node_modules\.bin;C:\Python27\;C:\Python27\Scripts;C:\ProgramData\Oracle\Java\javapath;C:\Windows\system32;C:\Windows;C:\Windows\System32\Wbem;C:\Windows\System32\WindowsPowerShell\v1.0\;C:\Windows\system32\config\systemprofile\.dnx\bin;C:\Program Files\Microsoft DNX\Dnvm\;C:\Program Files (x86)\Windows Kits\8.1\Windows Performance Toolkit\;C:\Program Files (x86)\Skype\Phone\;C:\Program Files\Git\cmd;C:\ProgramData\chocolatey\bin;C:\Program Files\TortoiseSVN\bin;C:\Users\viclon\AppData\Roaming\nvm;C:\Program Files\nodejs;C:\Program Files\Intel\WiFi\bin\;C:\Program Files\Common Files\Intel\WirelessCommon\;C:\Program Files (x86)\Elm Platform\0.18\bin;C:\Ruby22\bin;C:\Program Files\Intel\WiFi\bin\;C:\Program Files\Common Files\Intel\WirelessCommon\;C:\Users\viclon\AppData\Local\.meteor\;C:\Program Files (x86)\Microsoft VS Code\bin;C:\Users\viclon\AppData\Local\Box\Box Edit\;C:\Users\viclon\AppData\Roaming\npm;C:\Users\viclon\AppData\Roaming\nvm;C:\Program Files\nodejs
20 verbose lifecycle node-sass@3.4.2~install: CWD: C:\Users\viclon\Desktop\projects\react-memo\node_modules\gulp-sass\node_modules\node-sass
21 silly lifecycle node-sass@3.4.2~install: Args: [ '/d /s /c', 'node scripts/install.js' ]
22 silly lifecycle node-sass@3.4.2~install: Returned: code: 0  signal: null
23 info lifecycle node-sass@3.4.2~postinstall: node-sass@3.4.2
24 verbose lifecycle node-sass@3.4.2~postinstall: unsafe-perm in lifecycle true
25 verbose lifecycle node-sass@3.4.2~postinstall: PATH: C:\Users\viclon\AppData\Roaming\npm\node_modules\npm\bin\node-gyp-bin;C:\Users\viclon\Desktop\projects\react-memo\node_modules\gulp-sass\node_modules\node-sass\node_modules\.bin;C:\Users\viclon\Desktop\projects\react-memo\node_modules\gulp-sass\node_modules\.bin;C:\Users\viclon\Desktop\projects\react-memo\node_modules\.bin;C:\Python27\;C:\Python27\Scripts;C:\ProgramData\Oracle\Java\javapath;C:\Windows\system32;C:\Windows;C:\Windows\System32\Wbem;C:\Windows\System32\WindowsPowerShell\v1.0\;C:\Windows\system32\config\systemprofile\.dnx\bin;C:\Program Files\Microsoft DNX\Dnvm\;C:\Program Files (x86)\Windows Kits\8.1\Windows Performance Toolkit\;C:\Program Files (x86)\Skype\Phone\;C:\Program Files\Git\cmd;C:\ProgramData\chocolatey\bin;C:\Program Files\TortoiseSVN\bin;C:\Users\viclon\AppData\Roaming\nvm;C:\Program Files\nodejs;C:\Program Files\Intel\WiFi\bin\;C:\Program Files\Common Files\Intel\WirelessCommon\;C:\Program Files (x86)\Elm Platform\0.18\bin;C:\Ruby22\bin;C:\Program Files\Intel\WiFi\bin\;C:\Program Files\Common Files\Intel\WirelessCommon\;C:\Users\viclon\AppData\Local\.meteor\;C:\Program Files (x86)\Microsoft VS Code\bin;C:\Users\viclon\AppData\Local\Box\Box Edit\;C:\Users\viclon\AppData\Roaming\npm;C:\Users\viclon\AppData\Roaming\nvm;C:\Program Files\nodejs
26 verbose lifecycle node-sass@3.4.2~postinstall: CWD: C:\Users\viclon\Desktop\projects\react-memo\node_modules\gulp-sass\node_modules\node-sass
27 silly lifecycle node-sass@3.4.2~postinstall: Args: [ '/d /s /c', 'node scripts/build.js' ]
28 silly lifecycle node-sass@3.4.2~postinstall: Returned: code: 1  signal: null
29 info lifecycle node-sass@3.4.2~postinstall: Failed to exec postinstall script
30 verbose stack Error: node-sass@3.4.2 postinstall: `node scripts/build.js`
30 verbose stack Exit status 1
30 verbose stack     at EventEmitter.<anonymous> (C:\Users\viclon\AppData\Roaming\npm\node_modules\npm\lib\utils\lifecycle.js:232:16)
30 verbose stack     at emitTwo (events.js:106:13)
30 verbose stack     at EventEmitter.emit (events.js:191:7)
30 verbose stack     at ChildProcess.<anonymous> (C:\Users\viclon\AppData\Roaming\npm\node_modules\npm\lib\utils\spawn.js:24:14)
30 verbose stack     at emitTwo (events.js:106:13)
30 verbose stack     at ChildProcess.emit (events.js:191:7)
30 verbose stack     at maybeClose (internal/child_process.js:877:16)
30 verbose stack     at Process.ChildProcess._handle.onexit (internal/child_process.js:226:5)
31 verbose pkgid node-sass@3.4.2
32 verbose cwd C:\Users\viclon\Desktop\projects\react-memo
33 error Windows_NT 10.0.10240
34 error argv "C:\\Program Files\\nodejs\\node.exe" "C:\\Users\\viclon\\AppData\\Roaming\\npm\\node_modules\\npm\\bin\\npm-cli.js" "rebuild" "node-sass"
35 error node v6.9.1
36 error npm  v3.5.2
37 error code ELIFECYCLE
38 error node-sass@3.4.2 postinstall: `node scripts/build.js`
38 error Exit status 1
39 error Failed at the node-sass@3.4.2 postinstall script 'node scripts/build.js'.
39 error Make sure you have the latest version of node.js and npm installed.
39 error If you do, this is most likely a problem with the node-sass package,
39 error not with npm itself.
39 error Tell the author that this fails on your system:
39 error     node scripts/build.js
39 error You can get information on how to open an issue for this project with:
39 error     npm bugs node-sass
39 error Or if that isn't available, you can get their info via:
39 error     npm owner ls node-sass
39 error There is likely additional logging output above.
40 verbose exit [ 1, true ]
